{
  "stats": {
    "suites": 1,
    "tests": 10,
    "passes": 10,
    "pending": 0,
    "failures": 0,
    "start": "2024-10-29T18:39:59.103Z",
    "end": "2024-10-29T18:40:27.818Z",
    "duration": 28715,
    "testsRegistered": 10,
    "passPercent": 100,
    "pendingPercent": 0,
    "other": 0,
    "hasOther": false,
    "skipped": 0,
    "hasSkipped": false
  },
  "results": [
    {
      "uuid": "5fa76d08-afe2-4a46-9306-39c577e1b8bf",
      "title": "",
      "fullFile": "cypress\\e2e\\index.spec.cy.ts",
      "file": "cypress\\e2e\\index.spec.cy.ts",
      "beforeHooks": [],
      "afterHooks": [],
      "tests": [],
      "suites": [
        {
          "uuid": "ae214fe2-6f3f-4f8a-abbe-5f9577b53f62",
          "title": "Calculator Tests",
          "fullFile": "",
          "file": "",
          "beforeHooks": [],
          "afterHooks": [],
          "tests": [
            {
              "title": "should have the title \"Calculator App\"",
              "fullTitle": "Calculator Tests should have the title \"Calculator App\"",
              "timedOut": null,
              "duration": 534,
              "state": "passed",
              "speed": "fast",
              "pass": true,
              "fail": false,
              "pending": false,
              "context": null,
              "code": "cy.get('title').should('have.text', 'Calculator App');",
              "err": {},
              "uuid": "c2278cca-f2bc-47f2-a147-88840e0f917a",
              "parentUUID": "ae214fe2-6f3f-4f8a-abbe-5f9577b53f62",
              "isHook": false,
              "skipped": false
            },
            {
              "title": "should display 2 when \"1 + 1 = \" is clicked",
              "fullTitle": "Calculator Tests should display 2 when \"1 + 1 = \" is clicked",
              "timedOut": null,
              "duration": 2541,
              "state": "passed",
              "speed": "fast",
              "pass": true,
              "fail": false,
              "pending": false,
              "context": null,
              "code": "cy.get('.key-1').click();\ncy.get('.key-add').click();\ncy.get('.key-1').click();\ncy.get('.key-equals').click();\ncy.get('.calculator-display').should('have.text', '2');",
              "err": {},
              "uuid": "3db6b7a4-de21-42c7-b2b4-376dffe00c93",
              "parentUUID": "ae214fe2-6f3f-4f8a-abbe-5f9577b53f62",
              "isHook": false,
              "skipped": false
            },
            {
              "title": "should display 2 when \"1 * 2 = \" is clicked",
              "fullTitle": "Calculator Tests should display 2 when \"1 * 2 = \" is clicked",
              "timedOut": null,
              "duration": 2551,
              "state": "passed",
              "speed": "fast",
              "pass": true,
              "fail": false,
              "pending": false,
              "context": null,
              "code": "cy.get('.key-1').click();\ncy.get('.key-multiply').click();\ncy.get('.key-2').click();\ncy.get('.key-equals').click();\ncy.get('.calculator-display').should('have.text', '2');",
              "err": {},
              "uuid": "5534cb70-a849-423b-ab4e-8c003998dd02",
              "parentUUID": "ae214fe2-6f3f-4f8a-abbe-5f9577b53f62",
              "isHook": false,
              "skipped": false
            },
            {
              "title": "should display 1 when \"6 - 5 = \" is clicked",
              "fullTitle": "Calculator Tests should display 1 when \"6 - 5 = \" is clicked",
              "timedOut": null,
              "duration": 2545,
              "state": "passed",
              "speed": "fast",
              "pass": true,
              "fail": false,
              "pending": false,
              "context": null,
              "code": "cy.get('.key-6').click();\ncy.get('.key-subtract').click();\ncy.get('.key-5').click();\ncy.get('.key-equals').click();\ncy.get('.calculator-display').should('have.text', '1');",
              "err": {},
              "uuid": "5512e430-5262-4e78-8b89-08e996c2c364",
              "parentUUID": "ae214fe2-6f3f-4f8a-abbe-5f9577b53f62",
              "isHook": false,
              "skipped": false
            },
            {
              "title": "should display 2 when \"6 / 3 = \" is clicked",
              "fullTitle": "Calculator Tests should display 2 when \"6 / 3 = \" is clicked",
              "timedOut": null,
              "duration": 2559,
              "state": "passed",
              "speed": "fast",
              "pass": true,
              "fail": false,
              "pending": false,
              "context": null,
              "code": "cy.get('.key-6').click();\ncy.get('.key-divide').click();\ncy.get('.key-3').click();\ncy.get('.key-equals').click();\ncy.get('.calculator-display').should('have.text', '2');",
              "err": {},
              "uuid": "1228f252-b41d-4911-aa49-ce5b265231cc",
              "parentUUID": "ae214fe2-6f3f-4f8a-abbe-5f9577b53f62",
              "isHook": false,
              "skipped": false
            },
            {
              "title": "should display \"0\" when \"5 clear \" is clicked",
              "fullTitle": "Calculator Tests should display \"0\" when \"5 clear \" is clicked",
              "timedOut": null,
              "duration": 1526,
              "state": "passed",
              "speed": "fast",
              "pass": true,
              "fail": false,
              "pending": false,
              "context": null,
              "code": "cy.get('.key-5').click();\ncy.get('.key-clear').click();\ncy.get('.calculator-display').should('have.text', '0');",
              "err": {},
              "uuid": "1fab8d60-b988-4346-bc86-05968b33c2b3",
              "parentUUID": "ae214fe2-6f3f-4f8a-abbe-5f9577b53f62",
              "isHook": false,
              "skipped": false
            },
            {
              "title": "should display \"11\" when \"5 * 3 - 4\" is clicked",
              "fullTitle": "Calculator Tests should display \"11\" when \"5 * 3 - 4\" is clicked",
              "timedOut": null,
              "duration": 3564,
              "state": "passed",
              "speed": "fast",
              "pass": true,
              "fail": false,
              "pending": false,
              "context": null,
              "code": "cy.get('.key-5').click();\ncy.get('.key-multiply').click();\ncy.get('.key-3').click();\ncy.get('.key-subtract').click();\ncy.get('.key-4').click();\ncy.get('.key-equals').click();\ncy.get('.calculator-display').should('have.text', '11');",
              "err": {},
              "uuid": "b6fd7e98-27dd-4ef7-82c8-3fd3e97c0ad8",
              "parentUUID": "ae214fe2-6f3f-4f8a-abbe-5f9577b53f62",
              "isHook": false,
              "skipped": false
            },
            {
              "title": "should display \"11\" when \"5 * 3 - 4\" is clicked",
              "fullTitle": "Calculator Tests should display \"11\" when \"5 * 3 - 4\" is clicked",
              "timedOut": null,
              "duration": 3041,
              "state": "passed",
              "speed": "fast",
              "pass": true,
              "fail": false,
              "pending": false,
              "context": null,
              "code": "cy.get('.key-5').click();\ncy.get('.key-multiply').click();\ncy.get('.key-3').click();\ncy.get('.key-subtract').click();\ncy.get('.key-4').click();\ncy.get('.calculator-display').should('have.text', '15-4');",
              "err": {},
              "uuid": "2e75d5af-2950-4f9b-93cb-3e3e560e656d",
              "parentUUID": "ae214fe2-6f3f-4f8a-abbe-5f9577b53f62",
              "isHook": false,
              "skipped": false
            },
            {
              "title": "should display 3 when \"1.5 * 2\" is clicked",
              "fullTitle": "Calculator Tests should display 3 when \"1.5 * 2\" is clicked",
              "timedOut": null,
              "duration": 3547,
              "state": "passed",
              "speed": "fast",
              "pass": true,
              "fail": false,
              "pending": false,
              "context": null,
              "code": "cy.get('.key-1').click();\ncy.get('.key-dot').click();\ncy.get('.key-5').click();\ncy.get('.key-multiply').click();\ncy.get('.key-2').click();\ncy.get('.key-equals').click();\ncy.get('.calculator-display').should('have.text', '3');",
              "err": {},
              "uuid": "87666992-f44c-4585-b35f-ed66b472cc9b",
              "parentUUID": "ae214fe2-6f3f-4f8a-abbe-5f9577b53f62",
              "isHook": false,
              "skipped": false
            },
            {
              "title": "should display \"3\" when \"5 * 3 - 4 clear 3\" is clicked",
              "fullTitle": "Calculator Tests should display \"3\" when \"5 * 3 - 4 clear 3\" is clicked",
              "timedOut": null,
              "duration": 4581,
              "state": "passed",
              "speed": "fast",
              "pass": true,
              "fail": false,
              "pending": false,
              "context": null,
              "code": "cy.get('.key-5').click();\ncy.get('.key-multiply').click();\ncy.get('.key-3').click();\ncy.get('.key-subtract').click();\ncy.get('.key-4').click();\ncy.get('.key-equals').click();\ncy.get('.key-clear').click();\ncy.get('.key-3').click();\ncy.get('.calculator-display').should('have.text', '3');",
              "err": {},
              "uuid": "284eb7be-46bf-439c-b1ce-beffc77f5425",
              "parentUUID": "ae214fe2-6f3f-4f8a-abbe-5f9577b53f62",
              "isHook": false,
              "skipped": false
            }
          ],
          "suites": [],
          "passes": [
            "c2278cca-f2bc-47f2-a147-88840e0f917a",
            "3db6b7a4-de21-42c7-b2b4-376dffe00c93",
            "5534cb70-a849-423b-ab4e-8c003998dd02",
            "5512e430-5262-4e78-8b89-08e996c2c364",
            "1228f252-b41d-4911-aa49-ce5b265231cc",
            "1fab8d60-b988-4346-bc86-05968b33c2b3",
            "b6fd7e98-27dd-4ef7-82c8-3fd3e97c0ad8",
            "2e75d5af-2950-4f9b-93cb-3e3e560e656d",
            "87666992-f44c-4585-b35f-ed66b472cc9b",
            "284eb7be-46bf-439c-b1ce-beffc77f5425"
          ],
          "failures": [],
          "pending": [],
          "skipped": [],
          "duration": 26989,
          "root": false,
          "rootEmpty": false,
          "_timeout": 2000
        }
      ],
      "passes": [],
      "failures": [],
      "pending": [],
      "skipped": [],
      "duration": 0,
      "root": true,
      "rootEmpty": true,
      "_timeout": 2000
    }
  ],
  "meta": {
    "mocha": {
      "version": "7.0.1"
    },
    "mochawesome": {
      "options": {
        "quiet": false,
        "reportFilename": "mochawesome",
        "saveHtml": true,
        "saveJson": true,
        "consoleReporter": "spec",
        "useInlineDiffs": false,
        "code": true
      },
      "version": "7.1.3"
    },
    "marge": {
      "options": {
        "reportDir": "cypress/results",
        "overwrite": true,
        "html": true,
        "json": true
      },
      "version": "6.2.0"
    }
  }
}